<?xml version="1.0" encoding="UTF-8"?>
<!-- Generated by org.testng.reporters.JUnitXMLReporter -->
<testsuite hostname="dellv3446-4" name="InterfaceTest" tests="5" failures="5" timestamp="19 May 2016 08:40:47 GMT" time="0.392" errors="0">
  <testcase name="testDirectLottery" time="0.069" classname="com.palm.test.TestDirectLottery">
    <failure type="java.lang.NullPointerException">
      <![CDATA[java.lang.NullPointerException
	at com.palm.test.CurrentDraw.getCurrentDraw(CurrentDraw.java:33)
	at com.palm.test.BaseUtil.testDemo(BaseUtil.java:90)
	at com.palm.test.TestDirectLottery.testDirectLottery(TestDirectLottery.java:55)
... Removed 24 stack frames]]>
    </failure>
  </testcase> <!-- testDirectLottery -->
  <testcase name="testDirectLottery" time="0.063" classname="com.palm.test.TestDirectLottery">
    <failure type="java.lang.NullPointerException">
      <![CDATA[java.lang.NullPointerException
	at com.palm.test.CurrentDraw.getCurrentDraw(CurrentDraw.java:33)
	at com.palm.test.BaseUtil.testDemo(BaseUtil.java:90)
	at com.palm.test.TestDirectLottery.testDirectLottery(TestDirectLottery.java:55)
... Removed 24 stack frames]]>
    </failure>
  </testcase> <!-- testDirectLottery -->
  <testcase name="testDirectLottery" time="0.062" classname="com.palm.test.TestDirectLottery">
    <failure type="java.lang.NullPointerException">
      <![CDATA[java.lang.NullPointerException
	at com.palm.test.CurrentDraw.getCurrentDraw(CurrentDraw.java:33)
	at com.palm.test.BaseUtil.testDemo(BaseUtil.java:90)
	at com.palm.test.TestDirectLottery.testDirectLottery(TestDirectLottery.java:55)
... Removed 24 stack frames]]>
    </failure>
  </testcase> <!-- testDirectLottery -->
  <testcase name="testDirectLottery" time="0.048" classname="com.palm.test.TestDirectLottery">
    <failure type="java.lang.NullPointerException">
      <![CDATA[java.lang.NullPointerException
	at com.palm.test.CurrentDraw.getCurrentDraw(CurrentDraw.java:33)
	at com.palm.test.BaseUtil.testDemo(BaseUtil.java:90)
	at com.palm.test.TestDirectLottery.testDirectLottery(TestDirectLottery.java:55)
... Removed 24 stack frames]]>
    </failure>
  </testcase> <!-- testDirectLottery -->
  <testcase name="testDirectLottery" time="0.048" classname="com.palm.test.TestDirectLottery">
    <failure type="java.lang.NullPointerException">
      <![CDATA[java.lang.NullPointerException
	at com.palm.test.CurrentDraw.getCurrentDraw(CurrentDraw.java:33)
	at com.palm.test.BaseUtil.testDemo(BaseUtil.java:90)
	at com.palm.test.TestDirectLottery.testDirectLottery(TestDirectLottery.java:55)
... Removed 24 stack frames]]>
    </failure>
  </testcase> <!-- testDirectLottery -->
</testsuite> <!-- InterfaceTest -->
